{
"C:\\Users\\mamos\\WebstormProjects\\html5-training\\server\\app\\controller.js":{"path":"C:\\Users\\mamos\\WebstormProjects\\html5-training\\server\\app\\controller.js","s":{"1":0,"2":0,"3":0,"4":0,"5":0,"6":0,"7":0,"8":1,"9":0,"10":0,"11":0,"12":0,"13":0,"14":0,"15":0,"16":0,"17":0,"18":0,"19":0,"20":0,"21":0,"22":0,"23":0,"24":0,"25":0,"26":0,"27":0,"28":0,"29":0,"30":0,"31":0,"32":0,"33":1,"34":0,"35":0,"36":0,"37":0,"38":0,"39":0,"40":0,"41":0,"42":0,"43":0,"44":0,"45":0,"46":0,"47":0,"48":0,"49":0,"50":0,"51":0,"52":0,"53":0,"54":0,"55":0,"56":0,"57":0,"58":0,"59":0,"60":0,"61":0,"62":0,"63":0,"64":0,"65":0,"66":0,"67":0,"68":0,"69":0,"70":0,"71":0},"b":{"1":[0,0],"2":[0,0],"3":[0,0],"4":[0,0],"5":[0,0],"6":[0,0],"7":[0,0],"8":[0,0]},"f":{"1":0,"2":0,"3":0,"4":0},"fnMap":{"1":{"name":"logMeta","line":12,"loc":{"start":{"line":12,"column":0},"end":{"line":12,"column":40}}},"2":{"name":"(anonymous_2)","line":25,"loc":{"start":{"line":25,"column":13},"end":{"line":25,"column":31}}},"3":{"name":"processNewOrder","line":53,"loc":{"start":{"line":53,"column":6},"end":{"line":53,"column":37}}},"4":{"name":"(anonymous_4)","line":105,"loc":{"start":{"line":105,"column":12},"end":{"line":105,"column":20}}}},"statementMap":{"1":{"start":{"line":1,"column":0},"end":{"line":1,"column":38}},"2":{"start":{"line":2,"column":0},"end":{"line":2,"column":45}},"3":{"start":{"line":3,"column":0},"end":{"line":3,"column":41}},"4":{"start":{"line":4,"column":0},"end":{"line":4,"column":25}},"5":{"start":{"line":5,"column":0},"end":{"line":6,"column":37}},"6":{"start":{"line":7,"column":0},"end":{"line":9,"column":21}},"7":{"start":{"line":10,"column":0},"end":{"line":10,"column":34}},"8":{"start":{"line":12,"column":0},"end":{"line":22,"column":1}},"9":{"start":{"line":13,"column":2},"end":{"line":13,"column":31}},"10":{"start":{"line":14,"column":2},"end":{"line":16,"column":3}},"11":{"start":{"line":15,"column":4},"end":{"line":15,"column":28}},"12":{"start":{"line":17,"column":2},"end":{"line":20,"column":3}},"13":{"start":{"line":18,"column":4},"end":{"line":18,"column":51}},"14":{"start":{"line":19,"column":4},"end":{"line":19,"column":26}},"15":{"start":{"line":21,"column":2},"end":{"line":21,"column":14}},"16":{"start":{"line":26,"column":4},"end":{"line":26,"column":30}},"17":{"start":{"line":27,"column":4},"end":{"line":27,"column":17}},"18":{"start":{"line":28,"column":4},"end":{"line":30,"column":7}},"19":{"start":{"line":32,"column":4},"end":{"line":102,"column":7}},"20":{"start":{"line":33,"column":6},"end":{"line":33,"column":17}},"21":{"start":{"line":34,"column":6},"end":{"line":34,"column":32}},"22":{"start":{"line":36,"column":6},"end":{"line":36,"column":54}},"23":{"start":{"line":38,"column":6},"end":{"line":51,"column":9}},"24":{"start":{"line":39,"column":8},"end":{"line":39,"column":31}},"25":{"start":{"line":40,"column":8},"end":{"line":40,"column":28}},"26":{"start":{"line":42,"column":8},"end":{"line":42,"column":61}},"27":{"start":{"line":44,"column":8},"end":{"line":44,"column":50}},"28":{"start":{"line":45,"column":8},"end":{"line":45,"column":63}},"29":{"start":{"line":47,"column":8},"end":{"line":47,"column":75}},"30":{"start":{"line":48,"column":8},"end":{"line":48,"column":50}},"31":{"start":{"line":49,"column":8},"end":{"line":49,"column":77}},"32":{"start":{"line":50,"column":8},"end":{"line":50,"column":51}},"33":{"start":{"line":53,"column":6},"end":{"line":74,"column":7}},"34":{"start":{"line":54,"column":8},"end":{"line":54,"column":35}},"35":{"start":{"line":55,"column":8},"end":{"line":55,"column":75}},"36":{"start":{"line":56,"column":8},"end":{"line":56,"column":49}},"37":{"start":{"line":57,"column":8},"end":{"line":73,"column":9}},"38":{"start":{"line":58,"column":10},"end":{"line":67,"column":12}},"39":{"start":{"line":68,"column":10},"end":{"line":68,"column":76}},"40":{"start":{"line":69,"column":10},"end":{"line":69,"column":48}},"41":{"start":{"line":71,"column":10},"end":{"line":71,"column":76}},"42":{"start":{"line":72,"column":10},"end":{"line":72,"column":34}},"43":{"start":{"line":76,"column":6},"end":{"line":84,"column":9}},"44":{"start":{"line":77,"column":8},"end":{"line":83,"column":9}},"45":{"start":{"line":78,"column":10},"end":{"line":80,"column":11}},"46":{"start":{"line":79,"column":12},"end":{"line":79,"column":37}},"47":{"start":{"line":82,"column":10},"end":{"line":82,"column":32}},"48":{"start":{"line":86,"column":6},"end":{"line":89,"column":9}},"49":{"start":{"line":87,"column":8},"end":{"line":87,"column":79}},"50":{"start":{"line":88,"column":8},"end":{"line":88,"column":24}},"51":{"start":{"line":92,"column":6},"end":{"line":95,"column":9}},"52":{"start":{"line":93,"column":8},"end":{"line":93,"column":73}},"53":{"start":{"line":94,"column":8},"end":{"line":94,"column":34}},"54":{"start":{"line":97,"column":6},"end":{"line":101,"column":9}},"55":{"start":{"line":98,"column":8},"end":{"line":98,"column":69}},"56":{"start":{"line":99,"column":8},"end":{"line":99,"column":35}},"57":{"start":{"line":100,"column":8},"end":{"line":100,"column":29}},"58":{"start":{"line":106,"column":4},"end":{"line":119,"column":5}},"59":{"start":{"line":107,"column":6},"end":{"line":107,"column":45}},"60":{"start":{"line":108,"column":6},"end":{"line":108,"column":59}},"61":{"start":{"line":109,"column":11},"end":{"line":119,"column":5}},"62":{"start":{"line":110,"column":6},"end":{"line":110,"column":46}},"63":{"start":{"line":111,"column":6},"end":{"line":111,"column":59}},"64":{"start":{"line":112,"column":11},"end":{"line":119,"column":5}},"65":{"start":{"line":113,"column":6},"end":{"line":113,"column":45}},"66":{"start":{"line":114,"column":6},"end":{"line":114,"column":58}},"67":{"start":{"line":115,"column":11},"end":{"line":119,"column":5}},"68":{"start":{"line":116,"column":6},"end":{"line":116,"column":37}},"69":{"start":{"line":117,"column":6},"end":{"line":117,"column":50}},"70":{"start":{"line":118,"column":6},"end":{"line":118,"column":50}},"71":{"start":{"line":123,"column":0},"end":{"line":123,"column":34}}},"branchMap":{"1":{"line":14,"type":"if","locations":[{"start":{"line":14,"column":2},"end":{"line":14,"column":2}},{"start":{"line":14,"column":2},"end":{"line":14,"column":2}}]},"2":{"line":17,"type":"if","locations":[{"start":{"line":17,"column":2},"end":{"line":17,"column":2}},{"start":{"line":17,"column":2},"end":{"line":17,"column":2}}]},"3":{"line":57,"type":"if","locations":[{"start":{"line":57,"column":8},"end":{"line":57,"column":8}},{"start":{"line":57,"column":8},"end":{"line":57,"column":8}}]},"4":{"line":77,"type":"if","locations":[{"start":{"line":77,"column":8},"end":{"line":77,"column":8}},{"start":{"line":77,"column":8},"end":{"line":77,"column":8}}]},"5":{"line":106,"type":"if","locations":[{"start":{"line":106,"column":4},"end":{"line":106,"column":4}},{"start":{"line":106,"column":4},"end":{"line":106,"column":4}}]},"6":{"line":109,"type":"if","locations":[{"start":{"line":109,"column":11},"end":{"line":109,"column":11}},{"start":{"line":109,"column":11},"end":{"line":109,"column":11}}]},"7":{"line":112,"type":"if","locations":[{"start":{"line":112,"column":11},"end":{"line":112,"column":11}},{"start":{"line":112,"column":11},"end":{"line":112,"column":11}}]},"8":{"line":115,"type":"if","locations":[{"start":{"line":115,"column":11},"end":{"line":115,"column":11}},{"start":{"line":115,"column":11},"end":{"line":115,"column":11}}]}},"l":{"1":0,"2":0,"3":0,"4":0,"5":0,"7":0,"10":0,"12":1,"13":0,"14":0,"15":0,"17":0,"18":0,"19":0,"21":0,"26":0,"27":0,"28":0,"32":0,"33":0,"34":0,"36":0,"38":0,"39":0,"40":0,"42":0,"44":0,"45":0,"47":0,"48":0,"49":0,"50":0,"53":1,"54":0,"55":0,"56":0,"57":0,"58":0,"68":0,"69":0,"71":0,"72":0,"76":0,"77":0,"78":0,"79":0,"82":0,"86":0,"87":0,"88":0,"92":0,"93":0,"94":0,"97":0,"98":0,"99":0,"100":0,"106":0,"107":0,"108":0,"109":0,"110":0,"111":0,"112":0,"113":0,"114":0,"115":0,"116":0,"117":0,"118":0,"123":0}},
"C:\\Users\\mamos\\WebstormProjects\\html5-training\\server\\app\\matcher.js":{"path":"C:\\Users\\mamos\\WebstormProjects\\html5-training\\server\\app\\matcher.js","s":{"1":1,"2":1,"3":1,"4":1,"5":18,"6":18,"7":18,"8":18,"9":18,"10":18,"11":18,"12":18,"13":18,"14":37,"15":18,"16":47,"17":18,"18":72,"19":106,"20":106,"21":106,"22":72,"23":72,"24":72,"25":21,"26":21,"27":8,"28":8,"29":8,"30":8,"31":13,"32":13,"33":13,"34":13,"35":21,"36":28,"37":28,"38":0,"39":72,"40":72,"41":72,"42":21,"43":21,"44":21,"45":21,"46":21,"47":21,"48":21,"49":21,"50":21,"51":17,"52":17,"53":17,"54":13,"55":13,"56":13,"57":13,"58":13,"59":21,"60":21,"61":11,"62":11,"63":5,"64":11,"65":72,"66":13,"67":72,"68":66,"69":13,"70":61,"71":38,"72":61,"73":38,"74":38,"75":38,"76":23,"77":23,"78":11,"79":11,"80":11,"81":12,"82":12,"83":12,"84":106,"85":106,"86":39,"87":106,"88":72,"89":72,"90":72,"91":72,"92":61,"93":0,"94":0,"95":0,"96":0,"97":0,"98":0,"99":12,"100":22,"101":6,"102":3,"103":3,"104":1},"b":{"1":[8,13],"2":[0,28],"3":[72,39],"4":[21,0],"5":[17,4],"6":[13,4],"7":[13,7],"8":[11,10],"9":[5,6],"10":[13,59],"11":[38,23],"12":[11,12],"13":[39,67],"14":[61,11],"15":[0,0]},"f":{"1":18,"2":106,"3":72,"4":21,"5":28,"6":72,"7":66,"8":13,"9":61,"10":38,"11":106,"12":72,"13":0,"14":12,"15":6,"16":3},"fnMap":{"1":{"name":"(anonymous_1)","line":18,"loc":{"start":{"line":18,"column":13},"end":{"line":18,"column":74}}},"2":{"name":"(anonymous_2)","line":56,"loc":{"start":{"line":56,"column":18},"end":{"line":56,"column":27}}},"3":{"name":"(anonymous_3)","line":74,"loc":{"start":{"line":74,"column":10},"end":{"line":74,"column":18}}},"4":{"name":"(anonymous_4)","line":90,"loc":{"start":{"line":90,"column":10},"end":{"line":90,"column":44}}},"5":{"name":"(anonymous_5)","line":118,"loc":{"start":{"line":118,"column":15},"end":{"line":118,"column":23}}},"6":{"name":"(anonymous_6)","line":126,"loc":{"start":{"line":126,"column":7},"end":{"line":126,"column":21}}},"7":{"name":"(anonymous_7)","line":186,"loc":{"start":{"line":186,"column":14},"end":{"line":186,"column":28}}},"8":{"name":"(anonymous_8)","line":191,"loc":{"start":{"line":191,"column":14},"end":{"line":191,"column":28}}},"9":{"name":"(anonymous_9)","line":196,"loc":{"start":{"line":196,"column":11},"end":{"line":196,"column":25}}},"10":{"name":"(anonymous_10)","line":197,"loc":{"start":{"line":197,"column":52},"end":{"line":197,"column":68}}},"11":{"name":"(anonymous_11)","line":232,"loc":{"start":{"line":232,"column":12},"end":{"line":232,"column":20}}},"12":{"name":"(anonymous_12)","line":241,"loc":{"start":{"line":241,"column":8},"end":{"line":241,"column":16}}},"13":{"name":"(anonymous_13)","line":250,"loc":{"start":{"line":250,"column":7},"end":{"line":250,"column":10}}},"14":{"name":"(anonymous_14)","line":261,"loc":{"start":{"line":261,"column":23},"end":{"line":261,"column":30}}},"15":{"name":"(anonymous_15)","line":267,"loc":{"start":{"line":267,"column":15},"end":{"line":267,"column":18}}},"16":{"name":"(anonymous_16)","line":274,"loc":{"start":{"line":274,"column":21},"end":{"line":274,"column":30}}}},"statementMap":{"1":{"start":{"line":1,"column":0},"end":{"line":1,"column":41}},"2":{"start":{"line":2,"column":0},"end":{"line":2,"column":26}},"3":{"start":{"line":3,"column":0},"end":{"line":5,"column":51}},"4":{"start":{"line":6,"column":0},"end":{"line":8,"column":37}},"5":{"start":{"line":19,"column":4},"end":{"line":19,"column":35}},"6":{"start":{"line":20,"column":4},"end":{"line":20,"column":39}},"7":{"start":{"line":21,"column":4},"end":{"line":21,"column":45}},"8":{"start":{"line":22,"column":4},"end":{"line":22,"column":37}},"9":{"start":{"line":26,"column":4},"end":{"line":26,"column":19}},"10":{"start":{"line":27,"column":4},"end":{"line":27,"column":21}},"11":{"start":{"line":31,"column":4},"end":{"line":31,"column":21}},"12":{"start":{"line":33,"column":4},"end":{"line":33,"column":28}},"13":{"start":{"line":34,"column":4},"end":{"line":41,"column":6}},"14":{"start":{"line":39,"column":8},"end":{"line":39,"column":45}},"15":{"start":{"line":42,"column":4},"end":{"line":49,"column":6}},"16":{"start":{"line":47,"column":8},"end":{"line":47,"column":45}},"17":{"start":{"line":50,"column":4},"end":{"line":52,"column":6}},"18":{"start":{"line":51,"column":6},"end":{"line":51,"column":40}},"19":{"start":{"line":59,"column":4},"end":{"line":68,"column":6}},"20":{"start":{"line":69,"column":4},"end":{"line":69,"column":28}},"21":{"start":{"line":70,"column":4},"end":{"line":70,"column":29}},"22":{"start":{"line":75,"column":4},"end":{"line":84,"column":6}},"23":{"start":{"line":85,"column":4},"end":{"line":85,"column":34}},"24":{"start":{"line":86,"column":4},"end":{"line":86,"column":18}},"25":{"start":{"line":91,"column":4},"end":{"line":91,"column":49}},"26":{"start":{"line":92,"column":4},"end":{"line":102,"column":5}},"27":{"start":{"line":93,"column":6},"end":{"line":93,"column":32}},"28":{"start":{"line":94,"column":6},"end":{"line":94,"column":40}},"29":{"start":{"line":95,"column":6},"end":{"line":95,"column":36}},"30":{"start":{"line":96,"column":6},"end":{"line":96,"column":44}},"31":{"start":{"line":98,"column":6},"end":{"line":98,"column":36}},"32":{"start":{"line":99,"column":6},"end":{"line":99,"column":44}},"33":{"start":{"line":100,"column":6},"end":{"line":100,"column":32}},"34":{"start":{"line":101,"column":6},"end":{"line":101,"column":40}},"35":{"start":{"line":103,"column":4},"end":{"line":114,"column":6}},"36":{"start":{"line":119,"column":4},"end":{"line":119,"column":23}},"37":{"start":{"line":120,"column":4},"end":{"line":122,"column":5}},"38":{"start":{"line":121,"column":6},"end":{"line":121,"column":54}},"39":{"start":{"line":129,"column":4},"end":{"line":129,"column":32}},"40":{"start":{"line":130,"column":4},"end":{"line":130,"column":77}},"41":{"start":{"line":131,"column":4},"end":{"line":175,"column":5}},"42":{"start":{"line":132,"column":6},"end":{"line":132,"column":39}},"43":{"start":{"line":133,"column":6},"end":{"line":174,"column":7}},"44":{"start":{"line":134,"column":8},"end":{"line":134,"column":31}},"45":{"start":{"line":135,"column":8},"end":{"line":135,"column":80}},"46":{"start":{"line":138,"column":8},"end":{"line":138,"column":47}},"47":{"start":{"line":139,"column":8},"end":{"line":139,"column":33}},"48":{"start":{"line":140,"column":8},"end":{"line":140,"column":42}},"49":{"start":{"line":142,"column":8},"end":{"line":142,"column":54}},"50":{"start":{"line":145,"column":8},"end":{"line":159,"column":9}},"51":{"start":{"line":146,"column":10},"end":{"line":146,"column":41}},"52":{"start":{"line":147,"column":10},"end":{"line":147,"column":36}},"53":{"start":{"line":149,"column":10},"end":{"line":158,"column":11}},"54":{"start":{"line":150,"column":12},"end":{"line":150,"column":30}},"55":{"start":{"line":151,"column":12},"end":{"line":151,"column":52}},"56":{"start":{"line":152,"column":12},"end":{"line":152,"column":38}},"57":{"start":{"line":153,"column":12},"end":{"line":153,"column":36}},"58":{"start":{"line":156,"column":12},"end":{"line":157,"column":68}},"59":{"start":{"line":162,"column":8},"end":{"line":162,"column":42}},"60":{"start":{"line":165,"column":8},"end":{"line":173,"column":9}},"61":{"start":{"line":166,"column":10},"end":{"line":166,"column":36}},"62":{"start":{"line":169,"column":10},"end":{"line":171,"column":11}},"63":{"start":{"line":170,"column":12},"end":{"line":170,"column":52}},"64":{"start":{"line":172,"column":10},"end":{"line":172,"column":16}},"65":{"start":{"line":178,"column":4},"end":{"line":181,"column":5}},"66":{"start":{"line":180,"column":6},"end":{"line":180,"column":35}},"67":{"start":{"line":182,"column":4},"end":{"line":182,"column":17}},"68":{"start":{"line":187,"column":4},"end":{"line":187,"column":71}},"69":{"start":{"line":192,"column":4},"end":{"line":192,"column":60}},"70":{"start":{"line":197,"column":4},"end":{"line":199,"column":7}},"71":{"start":{"line":198,"column":6},"end":{"line":198,"column":58}},"72":{"start":{"line":203,"column":4},"end":{"line":228,"column":5}},"73":{"start":{"line":204,"column":6},"end":{"line":208,"column":8}},"74":{"start":{"line":209,"column":6},"end":{"line":209,"column":30}},"75":{"start":{"line":210,"column":6},"end":{"line":210,"column":43}},"76":{"start":{"line":212,"column":6},"end":{"line":212,"column":59}},"77":{"start":{"line":214,"column":6},"end":{"line":227,"column":7}},"78":{"start":{"line":215,"column":8},"end":{"line":215,"column":41}},"79":{"start":{"line":216,"column":8},"end":{"line":216,"column":48}},"80":{"start":{"line":217,"column":8},"end":{"line":217,"column":53}},"81":{"start":{"line":220,"column":8},"end":{"line":224,"column":10}},"82":{"start":{"line":225,"column":8},"end":{"line":225,"column":58}},"83":{"start":{"line":226,"column":8},"end":{"line":226,"column":45}},"84":{"start":{"line":233,"column":4},"end":{"line":233,"column":49}},"85":{"start":{"line":234,"column":4},"end":{"line":236,"column":5}},"86":{"start":{"line":235,"column":6},"end":{"line":235,"column":52}},"87":{"start":{"line":237,"column":4},"end":{"line":237,"column":40}},"88":{"start":{"line":242,"column":4},"end":{"line":242,"column":42}},"89":{"start":{"line":243,"column":4},"end":{"line":243,"column":32}},"90":{"start":{"line":244,"column":4},"end":{"line":244,"column":52}},"91":{"start":{"line":245,"column":4},"end":{"line":247,"column":5}},"92":{"start":{"line":246,"column":6},"end":{"line":246,"column":41}},"93":{"start":{"line":251,"column":4},"end":{"line":258,"column":5}},"94":{"start":{"line":252,"column":6},"end":{"line":252,"column":45}},"95":{"start":{"line":253,"column":6},"end":{"line":255,"column":7}},"96":{"start":{"line":254,"column":8},"end":{"line":254,"column":39}},"97":{"start":{"line":256,"column":6},"end":{"line":256,"column":27}},"98":{"start":{"line":257,"column":6},"end":{"line":257,"column":29}},"99":{"start":{"line":262,"column":4},"end":{"line":264,"column":7}},"100":{"start":{"line":263,"column":6},"end":{"line":263,"column":52}},"101":{"start":{"line":268,"column":4},"end":{"line":271,"column":6}},"102":{"start":{"line":275,"column":4},"end":{"line":275,"column":43}},"103":{"start":{"line":276,"column":4},"end":{"line":276,"column":68}},"104":{"start":{"line":280,"column":0},"end":{"line":280,"column":25}}},"branchMap":{"1":{"line":92,"type":"if","locations":[{"start":{"line":92,"column":4},"end":{"line":92,"column":4}},{"start":{"line":92,"column":4},"end":{"line":92,"column":4}}]},"2":{"line":120,"type":"if","locations":[{"start":{"line":120,"column":4},"end":{"line":120,"column":4}},{"start":{"line":120,"column":4},"end":{"line":120,"column":4}}]},"3":{"line":130,"type":"binary-expr","locations":[{"start":{"line":130,"column":23},"end":{"line":130,"column":28}},{"start":{"line":130,"column":32},"end":{"line":130,"column":76}}]},"4":{"line":133,"type":"if","locations":[{"start":{"line":133,"column":6},"end":{"line":133,"column":6}},{"start":{"line":133,"column":6},"end":{"line":133,"column":6}}]},"5":{"line":145,"type":"if","locations":[{"start":{"line":145,"column":8},"end":{"line":145,"column":8}},{"start":{"line":145,"column":8},"end":{"line":145,"column":8}}]},"6":{"line":149,"type":"if","locations":[{"start":{"line":149,"column":10},"end":{"line":149,"column":10}},{"start":{"line":149,"column":10},"end":{"line":149,"column":10}}]},"7":{"line":157,"type":"binary-expr","locations":[{"start":{"line":157,"column":14},"end":{"line":157,"column":19}},{"start":{"line":157,"column":23},"end":{"line":157,"column":67}}]},"8":{"line":165,"type":"if","locations":[{"start":{"line":165,"column":8},"end":{"line":165,"column":8}},{"start":{"line":165,"column":8},"end":{"line":165,"column":8}}]},"9":{"line":169,"type":"if","locations":[{"start":{"line":169,"column":10},"end":{"line":169,"column":10}},{"start":{"line":169,"column":10},"end":{"line":169,"column":10}}]},"10":{"line":178,"type":"if","locations":[{"start":{"line":178,"column":4},"end":{"line":178,"column":4}},{"start":{"line":178,"column":4},"end":{"line":178,"column":4}}]},"11":{"line":203,"type":"if","locations":[{"start":{"line":203,"column":4},"end":{"line":203,"column":4}},{"start":{"line":203,"column":4},"end":{"line":203,"column":4}}]},"12":{"line":214,"type":"if","locations":[{"start":{"line":214,"column":6},"end":{"line":214,"column":6}},{"start":{"line":214,"column":6},"end":{"line":214,"column":6}}]},"13":{"line":234,"type":"if","locations":[{"start":{"line":234,"column":4},"end":{"line":234,"column":4}},{"start":{"line":234,"column":4},"end":{"line":234,"column":4}}]},"14":{"line":245,"type":"if","locations":[{"start":{"line":245,"column":4},"end":{"line":245,"column":4}},{"start":{"line":245,"column":4},"end":{"line":245,"column":4}}]},"15":{"line":251,"type":"if","locations":[{"start":{"line":251,"column":4},"end":{"line":251,"column":4}},{"start":{"line":251,"column":4},"end":{"line":251,"column":4}}]}},"l":{"1":1,"2":1,"3":1,"6":1,"19":18,"20":18,"21":18,"22":18,"26":18,"27":18,"31":18,"33":18,"34":18,"39":37,"42":18,"47":47,"50":18,"51":72,"59":106,"69":106,"70":106,"75":72,"85":72,"86":72,"91":21,"92":21,"93":8,"94":8,"95":8,"96":8,"98":13,"99":13,"100":13,"101":13,"103":21,"119":28,"120":28,"121":0,"129":72,"130":72,"131":72,"132":21,"133":21,"134":21,"135":21,"138":21,"139":21,"140":21,"142":21,"145":21,"146":17,"147":17,"149":17,"150":13,"151":13,"152":13,"153":13,"156":13,"162":21,"165":21,"166":11,"169":11,"170":5,"172":11,"178":72,"180":13,"182":72,"187":66,"192":13,"197":61,"198":38,"203":61,"204":38,"209":38,"210":38,"212":23,"214":23,"215":11,"216":11,"217":11,"220":12,"225":12,"226":12,"233":106,"234":106,"235":39,"237":106,"242":72,"243":72,"244":72,"245":72,"246":61,"251":0,"252":0,"253":0,"254":0,"256":0,"257":0,"262":12,"263":22,"268":6,"275":3,"276":3,"280":1}},
"C:\\Users\\mamos\\WebstormProjects\\html5-training\\server\\app\\validator.js":{"path":"C:\\Users\\mamos\\WebstormProjects\\html5-training\\server\\app\\validator.js","s":{"1":1,"2":1,"3":63,"4":63,"5":1,"6":21,"7":21,"8":4,"9":21,"10":5,"11":21,"12":5,"13":21,"14":5,"15":21},"b":{"1":[4,17],"2":[5,16],"3":[21,17],"4":[5,16],"5":[21,20,20,18],"6":[5,16],"7":[21,12]},"f":{"1":63,"2":21},"fnMap":{"1":{"name":"objStr","line":3,"loc":{"start":{"line":3,"column":0},"end":{"line":3,"column":21}}},"2":{"name":"(anonymous_2)","line":8,"loc":{"start":{"line":8,"column":17},"end":{"line":8,"column":33}}}},"statementMap":{"1":{"start":{"line":1,"column":0},"end":{"line":1,"column":45}},"2":{"start":{"line":3,"column":0},"end":{"line":6,"column":1}},"3":{"start":{"line":4,"column":2},"end":{"line":4,"column":48}},"4":{"start":{"line":5,"column":2},"end":{"line":5,"column":13}},"5":{"start":{"line":8,"column":0},"end":{"line":28,"column":2}},"6":{"start":{"line":9,"column":2},"end":{"line":9,"column":18}},"7":{"start":{"line":10,"column":2},"end":{"line":12,"column":3}},"8":{"start":{"line":11,"column":4},"end":{"line":11,"column":49}},"9":{"start":{"line":13,"column":2},"end":{"line":15,"column":3}},"10":{"start":{"line":14,"column":4},"end":{"line":14,"column":50}},"11":{"start":{"line":16,"column":2},"end":{"line":23,"column":3}},"12":{"start":{"line":22,"column":4},"end":{"line":22,"column":58}},"13":{"start":{"line":24,"column":2},"end":{"line":26,"column":3}},"14":{"start":{"line":25,"column":4},"end":{"line":25,"column":45}},"15":{"start":{"line":27,"column":2},"end":{"line":27,"column":16}}},"branchMap":{"1":{"line":10,"type":"if","locations":[{"start":{"line":10,"column":2},"end":{"line":10,"column":2}},{"start":{"line":10,"column":2},"end":{"line":10,"column":2}}]},"2":{"line":13,"type":"if","locations":[{"start":{"line":13,"column":2},"end":{"line":13,"column":2}},{"start":{"line":13,"column":2},"end":{"line":13,"column":2}}]},"3":{"line":13,"type":"binary-expr","locations":[{"start":{"line":13,"column":6},"end":{"line":13,"column":47}},{"start":{"line":13,"column":51},"end":{"line":13,"column":69}}]},"4":{"line":16,"type":"if","locations":[{"start":{"line":16,"column":2},"end":{"line":16,"column":2}},{"start":{"line":16,"column":2},"end":{"line":16,"column":2}}]},"5":{"line":17,"type":"binary-expr","locations":[{"start":{"line":17,"column":4},"end":{"line":17,"column":43}},{"start":{"line":18,"column":4},"end":{"line":18,"column":20}},{"start":{"line":19,"column":4},"end":{"line":19,"column":23}},{"start":{"line":20,"column":4},"end":{"line":20,"column":18}}]},"6":{"line":24,"type":"if","locations":[{"start":{"line":24,"column":2},"end":{"line":24,"column":2}},{"start":{"line":24,"column":2},"end":{"line":24,"column":2}}]},"7":{"line":24,"type":"binary-expr","locations":[{"start":{"line":24,"column":8},"end":{"line":24,"column":32}},{"start":{"line":24,"column":36},"end":{"line":24,"column":62}}]}},"l":{"1":1,"3":1,"4":63,"5":63,"8":1,"9":21,"10":21,"11":4,"13":21,"14":5,"16":21,"22":5,"24":21,"25":5,"27":21}}}
