TN:
SF:C:\Users\mamos\WebstormProjects\html5-training\server\app\controller.js
FN:12,logMeta
FN:25,(anonymous_2)
FN:53,processNewOrder
FN:105,(anonymous_4)
FNF:4
FNH:0
FNDA:0,logMeta
FNDA:0,(anonymous_2)
FNDA:0,processNewOrder
FNDA:0,(anonymous_4)
DA:1,0
DA:2,0
DA:3,0
DA:4,0
DA:5,0
DA:7,0
DA:10,0
DA:12,1
DA:13,0
DA:14,0
DA:15,0
DA:17,0
DA:18,0
DA:19,0
DA:21,0
DA:26,0
DA:27,0
DA:28,0
DA:32,0
DA:33,0
DA:34,0
DA:36,0
DA:38,0
DA:39,0
DA:40,0
DA:42,0
DA:44,0
DA:45,0
DA:47,0
DA:48,0
DA:49,0
DA:50,0
DA:53,1
DA:54,0
DA:55,0
DA:56,0
DA:57,0
DA:58,0
DA:68,0
DA:69,0
DA:71,0
DA:72,0
DA:76,0
DA:77,0
DA:78,0
DA:79,0
DA:82,0
DA:86,0
DA:87,0
DA:88,0
DA:92,0
DA:93,0
DA:94,0
DA:97,0
DA:98,0
DA:99,0
DA:100,0
DA:106,0
DA:107,0
DA:108,0
DA:109,0
DA:110,0
DA:111,0
DA:112,0
DA:113,0
DA:114,0
DA:115,0
DA:116,0
DA:117,0
DA:118,0
DA:123,0
LF:71
LH:2
BRDA:14,1,0,0
BRDA:14,1,1,0
BRDA:17,2,0,0
BRDA:17,2,1,0
BRDA:57,3,0,0
BRDA:57,3,1,0
BRDA:77,4,0,0
BRDA:77,4,1,0
BRDA:106,5,0,0
BRDA:106,5,1,0
BRDA:109,6,0,0
BRDA:109,6,1,0
BRDA:112,7,0,0
BRDA:112,7,1,0
BRDA:115,8,0,0
BRDA:115,8,1,0
BRF:16
BRH:0
end_of_record
TN:
SF:C:\Users\mamos\WebstormProjects\html5-training\server\app\matcher.js
FN:18,(anonymous_1)
FN:56,(anonymous_2)
FN:74,(anonymous_3)
FN:90,(anonymous_4)
FN:118,(anonymous_5)
FN:126,(anonymous_6)
FN:186,(anonymous_7)
FN:191,(anonymous_8)
FN:196,(anonymous_9)
FN:197,(anonymous_10)
FN:232,(anonymous_11)
FN:241,(anonymous_12)
FN:250,(anonymous_13)
FN:261,(anonymous_14)
FN:267,(anonymous_15)
FN:274,(anonymous_16)
FNF:16
FNH:15
FNDA:18,(anonymous_1)
FNDA:106,(anonymous_2)
FNDA:72,(anonymous_3)
FNDA:21,(anonymous_4)
FNDA:28,(anonymous_5)
FNDA:72,(anonymous_6)
FNDA:66,(anonymous_7)
FNDA:13,(anonymous_8)
FNDA:61,(anonymous_9)
FNDA:38,(anonymous_10)
FNDA:106,(anonymous_11)
FNDA:72,(anonymous_12)
FNDA:0,(anonymous_13)
FNDA:12,(anonymous_14)
FNDA:6,(anonymous_15)
FNDA:3,(anonymous_16)
DA:1,1
DA:2,1
DA:3,1
DA:6,1
DA:19,18
DA:20,18
DA:21,18
DA:22,18
DA:26,18
DA:27,18
DA:31,18
DA:33,18
DA:34,18
DA:39,37
DA:42,18
DA:47,47
DA:50,18
DA:51,72
DA:59,106
DA:69,106
DA:70,106
DA:75,72
DA:85,72
DA:86,72
DA:91,21
DA:92,21
DA:93,8
DA:94,8
DA:95,8
DA:96,8
DA:98,13
DA:99,13
DA:100,13
DA:101,13
DA:103,21
DA:119,28
DA:120,28
DA:121,0
DA:129,72
DA:130,72
DA:131,72
DA:132,21
DA:133,21
DA:134,21
DA:135,21
DA:138,21
DA:139,21
DA:140,21
DA:142,21
DA:145,21
DA:146,17
DA:147,17
DA:149,17
DA:150,13
DA:151,13
DA:152,13
DA:153,13
DA:156,13
DA:162,21
DA:165,21
DA:166,11
DA:169,11
DA:170,5
DA:172,11
DA:178,72
DA:180,13
DA:182,72
DA:187,66
DA:192,13
DA:197,61
DA:198,38
DA:203,61
DA:204,38
DA:209,38
DA:210,38
DA:212,23
DA:214,23
DA:215,11
DA:216,11
DA:217,11
DA:220,12
DA:225,12
DA:226,12
DA:233,106
DA:234,106
DA:235,39
DA:237,106
DA:242,72
DA:243,72
DA:244,72
DA:245,72
DA:246,61
DA:251,0
DA:252,0
DA:253,0
DA:254,0
DA:256,0
DA:257,0
DA:262,12
DA:263,22
DA:268,6
DA:275,3
DA:276,3
DA:280,1
LF:104
LH:97
BRDA:92,1,0,8
BRDA:92,1,1,13
BRDA:120,2,0,0
BRDA:120,2,1,28
BRDA:130,3,0,72
BRDA:130,3,1,39
BRDA:133,4,0,21
BRDA:133,4,1,0
BRDA:145,5,0,17
BRDA:145,5,1,4
BRDA:149,6,0,13
BRDA:149,6,1,4
BRDA:157,7,0,13
BRDA:157,7,1,7
BRDA:165,8,0,11
BRDA:165,8,1,10
BRDA:169,9,0,5
BRDA:169,9,1,6
BRDA:178,10,0,13
BRDA:178,10,1,59
BRDA:203,11,0,38
BRDA:203,11,1,23
BRDA:214,12,0,11
BRDA:214,12,1,12
BRDA:234,13,0,39
BRDA:234,13,1,67
BRDA:245,14,0,61
BRDA:245,14,1,11
BRDA:251,15,0,0
BRDA:251,15,1,0
BRF:30
BRH:26
end_of_record
TN:
SF:C:\Users\mamos\WebstormProjects\html5-training\server\app\validator.js
FN:3,objStr
FN:8,(anonymous_2)
FNF:2
FNH:2
FNDA:63,objStr
FNDA:21,(anonymous_2)
DA:1,1
DA:3,1
DA:4,63
DA:5,63
DA:8,1
DA:9,21
DA:10,21
DA:11,4
DA:13,21
DA:14,5
DA:16,21
DA:22,5
DA:24,21
DA:25,5
DA:27,21
LF:15
LH:15
BRDA:10,1,0,4
BRDA:10,1,1,17
BRDA:13,2,0,5
BRDA:13,2,1,16
BRDA:13,3,0,21
BRDA:13,3,1,17
BRDA:16,4,0,5
BRDA:16,4,1,16
BRDA:17,5,0,21
BRDA:17,5,1,20
BRDA:17,5,2,20
BRDA:17,5,3,18
BRDA:24,6,0,5
BRDA:24,6,1,16
BRDA:24,7,0,21
BRDA:24,7,1,12
BRF:16
BRH:16
end_of_record
